<?xml version="1.0" encoding="UTF-8"?>
<testsuite name="easy._01_TwoSum.Chun_01" tests="1" skipped="0" failures="0" errors="0" timestamp="2022-07-03T12:21:56" hostname="YiChuns-MacBook-Pro.local" time="0.014">
  <properties/>
  <testcase name="mainTest()" classname="easy._01_TwoSum.Chun_01" time="0.014"/>
  <system-out><![CDATA[StopWatch '': running time = 1706583 ns
---------------------------------------------
ns         %     Task name
---------------------------------------------
001706583  100%  Chun_01

]]></system-out>
  <system-err><![CDATA[]]></system-err>
</testsuite>
